<?xml version="1.0" encoding="UTF-8"?>
<!-- Generated by org.testng.reporters.JUnitXMLReporter -->
<testsuite hostname="AQMIT-DSK-10159" ignored="1" name="Test" tests="3" failures="0" timestamp="21 Apr 2022 07:02:10 GMT" time="77.608" errors="0">
  <testcase name="totalValidation" time="33.676" classname="tests.Ecommerce_tc_4"/>
  <testcase name="apiDemo" time="20.477" classname="tests.ApiDemoTest"/>
  <testcase name="apiDemo" time="20.384" classname="tests.ApiDemoTest"/>
  <testcase name="@BeforeTest killAllNodes" time="0.0" classname="practise.AppiumFramework.base">
    <ignored/>
  </testcase> <!-- @BeforeTest killAllNodes -->
</testsuite> <!-- Test -->
